<?xml version="1.0" encoding="UTF-8"?>
<!-- Generated by org.testng.reporters.JUnitXMLReporter -->
<testsuite ignored="0" hostname="VishalPatilsMBP.local" failures="0" tests="2" name="Test" time="97.732" errors="0" timestamp="11 Mar 2021 13:10:46 GMT">
  <testcase classname="com.pg.test.cases.ListJobsByFilter" name="List_number_of_jobs_by_filter" time="29.545"/>
  <testcase classname="com.pg.test.cases.ListNumberOfJobs" name="List_number_of_jobs_on_job_page_and_print" time="27.667"/>
</testsuite> <!-- Test -->
