<?xml version="1.0" encoding="UTF-8"?>
<testng-results ignored="0" total="2" passed="2" failed="0" skipped="0">
  <reporter-output>
  </reporter-output>
  <suite started-at="2021-03-11T13:09:04Z" name="Suite" finished-at="2021-03-11T13:10:41Z" duration-ms="97732">
    <groups>
    </groups>
    <test started-at="2021-03-11T13:09:04Z" name="Test" finished-at="2021-03-11T13:10:41Z" duration-ms="97732">
      <class name="com.pg.test.cases.ListNumberOfJobs">
        <test-method is-config="true" signature="setUp()[pri:0, instance:com.pg.test.cases.ListNumberOfJobs@3a44431a]" started-at="2021-03-11T13:09:52Z" name="setUp" finished-at="2021-03-11T13:10:13Z" duration-ms="21375" status="PASS">
          <reporter-output>
          </reporter-output>
        </test-method> <!-- setUp -->
        <test-method signature="List_number_of_jobs_on_job_page_and_print()[pri:0, instance:com.pg.test.cases.ListNumberOfJobs@3a44431a]" started-at="2021-03-11T13:10:13Z" name="List_number_of_jobs_on_job_page_and_print" finished-at="2021-03-11T13:10:41Z" duration-ms="27667" status="PASS">
          <reporter-output>
          </reporter-output>
        </test-method> <!-- List_number_of_jobs_on_job_page_and_print -->
        <test-method is-config="true" signature="quit()[pri:0, instance:com.pg.test.cases.ListNumberOfJobs@3a44431a]" started-at="2021-03-11T13:10:41Z" name="quit" finished-at="2021-03-11T13:10:41Z" duration-ms="206" status="PASS">
          <reporter-output>
          </reporter-output>
        </test-method> <!-- quit -->
      </class> <!-- com.pg.test.cases.ListNumberOfJobs -->
      <class name="com.pg.test.cases.ListJobsByFilter">
        <test-method is-config="true" signature="setUp()[pri:0, instance:com.pg.test.cases.ListJobsByFilter@2ea41516]" started-at="2021-03-11T13:09:04Z" name="setUp" finished-at="2021-03-11T13:09:22Z" duration-ms="18669" status="PASS">
          <reporter-output>
          </reporter-output>
        </test-method> <!-- setUp -->
        <test-method signature="List_number_of_jobs_by_filter()[pri:0, instance:com.pg.test.cases.ListJobsByFilter@2ea41516]" started-at="2021-03-11T13:09:22Z" name="List_number_of_jobs_by_filter" finished-at="2021-03-11T13:09:52Z" duration-ms="29545" status="PASS">
          <reporter-output>
          </reporter-output>
        </test-method> <!-- List_number_of_jobs_by_filter -->
        <test-method is-config="true" signature="quit()[pri:0, instance:com.pg.test.cases.ListJobsByFilter@2ea41516]" started-at="2021-03-11T13:09:52Z" name="quit" finished-at="2021-03-11T13:09:52Z" duration-ms="233" status="PASS">
          <reporter-output>
          </reporter-output>
        </test-method> <!-- quit -->
      </class> <!-- com.pg.test.cases.ListJobsByFilter -->
    </test> <!-- Test -->
  </suite> <!-- Suite -->
</testng-results>
